<?xml version="1.0" encoding="UTF-8"?>
<!-- Generated by org.testng.reporters.JUnitReportReporter -->
<testsuite hostname="DESKTOP-26GHAL4" failures="0" tests="1" name="testCases.TC001_AccountRegistrationTest" time="2.529" errors="0" timestamp="2024-08-10T20:41:18 PDT" skipped="0">
  <testcase classname="testCases.TC001_AccountRegistrationTest" name="verify_account_registration" time="2.529"/>
</testsuite> <!-- testCases.TC001_AccountRegistrationTest -->
